# JRE version: Java(TM) SE Runtime Environment (8.0_20-b26) (build 1.8.0_20-b26)
# Java VM: Java HotSpot(TM) 64-Bit Server VM (25.20-b23 mixed mode windows-amd64 compressed oops)
Heap:
 PSYoungGen      total 31744K, used 19429K [0x000000076ac00000, 0x000000076d800000, 0x00000007c0000000)
  eden space 31232K, 61% used [0x000000076ac00000,0x000000076bee1708,0x000000076ca80000)
  from space 512K, 18% used [0x000000076d780000,0x000000076d798000,0x000000076d800000)
  to   space 512K, 0% used [0x000000076d700000,0x000000076d700000,0x000000076d780000)
 ParOldGen       total 175104K, used 17403K [0x00000006c0400000, 0x00000006caf00000, 0x000000076ac00000)
  object space 175104K, 9% used [0x00000006c0400000,0x00000006c14fed90,0x00000006caf00000)
 Metaspace       used 15054K, capacity 15222K, committed 15616K, reserved 1062912K
  class space    used 1930K, capacity 1969K, committed 2048K, reserved 1048576K
GC Heap History (10 events):
Event: 24.199 GC heap before
{Heap before GC invocations=92 (full 0):
 PSYoungGen      total 31744K, used 31296K [0x000000076ac00000, 0x000000076d800000, 0x00000007c0000000)
  eden space 31232K, 100% used [0x000000076ac00000,0x000000076ca80000,0x000000076ca80000)
  from space 512K, 12% used [0x000000076d700000,0x000000076d710000,0x000000076d780000)
  to   space 512K, 0% used [0x000000076d780000,0x000000076d780000,0x000000076d800000)
 ParOldGen       total 175104K, used 17173K [0x00000006c0400000, 0x00000006caf00000, 0x000000076ac00000)
  object space 175104K, 9% used [0x00000006c0400000,0x00000006c14c55a0,0x00000006caf00000)
 Metaspace       used 14967K, capacity 15158K, committed 15360K, reserved 1062912K
  class space    used 1914K, capacity 1969K, committed 2048K, reserved 1048576K
Event: 24.200 GC heap after
Heap after GC invocations=92 (full 0):
 PSYoungGen      total 31744K, used 96K [0x000000076ac00000, 0x000000076d800000, 0x00000007c0000000)
  eden space 31232K, 0% used [0x000000076ac00000,0x000000076ac00000,0x000000076ca80000)
  from space 512K, 18% used [0x000000076d780000,0x000000076d798000,0x000000076d800000)
  to   space 512K, 0% used [0x000000076d700000,0x000000076d700000,0x000000076d780000)
 ParOldGen       total 175104K, used 17181K [0x00000006c0400000, 0x00000006caf00000, 0x000000076ac00000)
  object space 175104K, 9% used [0x00000006c0400000,0x00000006c14c75a0,0x00000006caf00000)
 Metaspace       used 14967K, capacity 15158K, committed 15360K, reserved 1062912K
  class space    used 1914K, capacity 1969K, committed 2048K, reserved 1048576K
}
Event: 24.405 GC heap before
{Heap before GC invocations=93 (full 0):
 PSYoungGen      total 31744K, used 31328K [0x000000076ac00000, 0x000000076d800000, 0x00000007c0000000)
  eden space 31232K, 100% used [0x000000076ac00000,0x000000076ca80000,0x000000076ca80000)
  from space 512K, 18% used [0x000000076d780000,0x000000076d798000,0x000000076d800000)
  to   space 512K, 0% used [0x000000076d700000,0x000000076d700000,0x000000076d780000)
 ParOldGen       total 175104K, used 17181K [0x00000006c0400000, 0x00000006caf00000, 0x000000076ac00000)
  object space 175104K, 9% used [0x00000006c0400000,0x00000006c14c75a0,0x00000006caf00000)
 Metaspace       used 14967K, capacity 15158K, committed 15360K, reserved 1062912K
  class space    used 1914K, capacity 1969K, committed 2048K, reserved 1048576K
Event: 24.405 GC heap after
Heap after GC invocations=93 (full 0):
 PSYoungGen      total 31744K, used 128K [0x000000076ac00000, 0x000000076d800000, 0x00000007c0000000)
  eden space 31232K, 0% used [0x000000076ac00000,0x000000076ac00000,0x000000076ca80000)
  from space 512K, 25% used [0x000000076d700000,0x000000076d720000,0x000000076d780000)
  to   space 512K, 0% used [0x000000076d780000,0x000000076d780000,0x000000076d800000)
 ParOldGen       total 175104K, used 17189K [0x00000006c0400000, 0x00000006caf00000, 0x000000076ac00000)
  object space 175104K, 9% used [0x00000006c0400000,0x00000006c14c95a0,0x00000006caf00000)
 Metaspace       used 14967K, capacity 15158K, committed 15360K, reserved 1062912K
  class space    used 1914K, capacity 1969K, committed 2048K, reserved 1048576K
}
Event: 24.591 GC heap before
{Heap before GC invocations=94 (full 0):
 PSYoungGen      total 31744K, used 31360K [0x000000076ac00000, 0x000000076d800000, 0x00000007c0000000)
  eden space 31232K, 100% used [0x000000076ac00000,0x000000076ca80000,0x000000076ca80000)
  from space 512K, 25% used [0x000000076d700000,0x000000076d720000,0x000000076d780000)
  to   space 512K, 0% used [0x000000076d780000,0x000000076d780000,0x000000076d800000)
 ParOldGen       total 175104K, used 17189K [0x00000006c0400000, 0x00000006caf00000, 0x000000076ac00000)
  object space 175104K, 9% used [0x00000006c0400000,0x00000006c14c95a0,0x00000006caf00000)
 Metaspace       used 14967K, capacity 15158K, committed 15360K, reserved 1062912K
  class space    used 1914K, capacity 1969K, committed 2048K, reserved 1048576K
Event: 24.592 GC heap after
Heap after GC invocations=94 (full 0):
 PSYoungGen      total 31744K, used 96K [0x000000076ac00000, 0x000000076d800000, 0x00000007c0000000)
  eden space 31232K, 0% used [0x000000076ac00000,0x000000076ac00000,0x000000076ca80000)
  from space 512K, 18% used [0x000000076d780000,0x000000076d798000,0x000000076d800000)
  to   space 512K, 0% used [0x000000076d700000,0x000000076d700000,0x000000076d780000)
 ParOldGen       total 175104K, used 17205K [0x00000006c0400000, 0x00000006caf00000, 0x000000076ac00000)
  object space 175104K, 9% used [0x00000006c0400000,0x00000006c14cd5a0,0x00000006caf00000)
 Metaspace       used 14967K, capacity 15158K, committed 15360K, reserved 1062912K
  class space    used 1914K, capacity 1969K, committed 2048K, reserved 1048576K
}
Event: 24.780 GC heap before
{Heap before GC invocations=95 (full 0):
 PSYoungGen      total 31744K, used 31328K [0x000000076ac00000, 0x000000076d800000, 0x00000007c0000000)
  eden space 31232K, 100% used [0x000000076ac00000,0x000000076ca80000,0x000000076ca80000)
  from space 512K, 18% used [0x000000076d780000,0x000000076d798000,0x000000076d800000)
  to   space 512K, 0% used [0x000000076d700000,0x000000076d700000,0x000000076d780000)
 ParOldGen       total 175104K, used 17205K [0x00000006c0400000, 0x00000006caf00000, 0x000000076ac00000)
  object space 175104K, 9% used [0x00000006c0400000,0x00000006c14cd5a0,0x00000006caf00000)
 Metaspace       used 15054K, capacity 15222K, committed 15616K, reserved 1062912K
  class space    used 1930K, capacity 1969K, committed 2048K, reserved 1048576K
Event: 24.781 GC heap after
Heap after GC invocations=95 (full 0):
 PSYoungGen      total 31744K, used 343K [0x000000076ac00000, 0x000000076d800000, 0x00000007c0000000)
  eden space 31232K, 0% used [0x000000076ac00000,0x000000076ac00000,0x000000076ca80000)
  from space 512K, 67% used [0x000000076d700000,0x000000076d755ec8,0x000000076d780000)
  to   space 512K, 0% used [0x000000076d780000,0x000000076d780000,0x000000076d800000)
 ParOldGen       total 175104K, used 17205K [0x00000006c0400000, 0x00000006caf00000, 0x000000076ac00000)
  object space 175104K, 9% used [0x00000006c0400000,0x00000006c14cd5a0,0x00000006caf00000)
 Metaspace       used 15054K, capacity 15222K, committed 15616K, reserved 1062912K
  class space    used 1930K, capacity 1969K, committed 2048K, reserved 1048576K
}
Event: 24.970 GC heap before
{Heap before GC invocations=96 (full 0):
 PSYoungGen      total 31744K, used 31575K [0x000000076ac00000, 0x000000076d800000, 0x00000007c0000000)
  eden space 31232K, 100% used [0x000000076ac00000,0x000000076ca80000,0x000000076ca80000)
  from space 512K, 67% used [0x000000076d700000,0x000000076d755ec8,0x000000076d780000)
  to   space 512K, 0% used [0x000000076d780000,0x000000076d780000,0x000000076d800000)
 ParOldGen       total 175104K, used 17205K [0x00000006c0400000, 0x00000006caf00000, 0x000000076ac00000)
  object space 175104K, 9% used [0x00000006c0400000,0x00000006c14cd5a0,0x00000006caf00000)
 Metaspace       used 15054K, capacity 15222K, committed 15616K, reserved 1062912K
  class space    used 1930K, capacity 1969K, committed 2048K, reserved 1048576K
Event: 24.970 GC heap after
Heap after GC invocations=96 (full 0):
 PSYoungGen      total 31744K, used 96K [0x000000076ac00000, 0x000000076d800000, 0x00000007c0000000)
  eden space 31232K, 0% used [0x000000076ac00000,0x000000076ac00000,0x000000076ca80000)
  from space 512K, 18% used [0x000000076d780000,0x000000076d798000,0x000000076d800000)
  to   space 512K, 0% used [0x000000076d700000,0x000000076d700000,0x000000076d780000)
 ParOldGen       total 175104K, used 17403K [0x00000006c0400000, 0x00000006caf00000, 0x000000076ac00000)
  object space 175104K, 9% used [0x00000006c0400000,0x00000006c14fed90,0x00000006caf00000)
 Metaspace       used 15054K, capacity 15222K, committed 15616K, reserved 1062912K
  class space    used 1930K, capacity 1969K, committed 2048K, reserved 1048576K
}

